<?xml version="1.0" encoding="UTF-8"?>
<!-- Generated by org.testng.reporters.JUnitReportReporter -->
<testsuite hostname="DESKTOP-DA1V3E2" failures="0" tests="2" name="TestNG.Day1" time="0.013" errors="0" timestamp="2021-12-14T09:18:35 IST" skipped="0">
  <testcase classname="TestNG.Day1" name="SeconTest" time="0.005"/>
  <testcase classname="TestNG.Day1" name="Demo" time="0.008"/>
</testsuite> <!-- TestNG.Day1 -->
