<?xml version="1.0" encoding="UTF-8"?>
<!-- Generated by org.testng.reporters.JUnitReportReporter -->
<testsuite hostname="DESKTOP-DA1V3E2" failures="0" tests="4" name="TestNG.day3" time="0.021" errors="0" timestamp="2021-12-14T09:34:20 IST" skipped="0">
  <testcase classname="TestNG.day3" name="WebLogin" time="0.003"/>
  <testcase classname="TestNG.day3" name="MobileCarLoginLoan" time="0.010"/>
  <testcase classname="TestNG.day3" name="MobileCarLoginLoan" time="0.004"/>
  <testcase classname="TestNG.day3" name="MobileCarLoginLoan" time="0.004"/>
</testsuite> <!-- TestNG.day3 -->
