<?xml version="1.0" encoding="UTF-8"?>
<!-- Generated by org.testng.reporters.JUnitReportReporter -->
<testsuite hostname="DESKTOP-DA1V3E2" failures="0" tests="2" name="intro.TestNg" time="0.015" errors="0" timestamp="2021-12-13T14:28:38 IST" skipped="0">
  <testcase classname="intro.TestNg" name="Second" time="0.014"/>
  <testcase classname="intro.TestNg" name="first" time="0.001"/>
</testsuite> <!-- intro.TestNg -->
