<?xml version="1.0" encoding="UTF-8"?>
<!-- Generated by org.testng.reporters.JUnitReportReporter -->
<testsuite hostname="DESKTOP-DA1V3E2" failures="0" tests="3" name="TestNG.day4" time="0.007" errors="0" timestamp="2021-12-14T05:56:26 IST" skipped="0">
  <testcase classname="TestNG.day4" name="LoginAPIcarLoan" time="0.002"/>
  <testcase classname="TestNG.day4" name="WebLogin" time="0.004"/>
  <testcase classname="TestNG.day4" name="MobileCarLoginLoan" time="0.001"/>
</testsuite> <!-- TestNG.day4 -->
